Min_value=1, Max_value=200 in the given dataset
============Stream Reasoning Starts（MeTeoR) ============

Streams in at the time point 1
Number of streams (in): 53
Stream out at the time point 1
Number of streams (out) 0
Streams in at the time point 2
Number of streams (in): 61
Stream out at the time point 2
Number of streams (out) 0
Streams in at the time point 3
Number of streams (in): 69
Stream out at the time point 3
Number of streams (out) 4
Streams in at the time point 4
Number of streams (in): 81
Stream out at the time point 4
Number of streams (out) 2
Streams in at the time point 5
Number of streams (in): 93
Stream out at the time point 5
Number of streams (out) 6
Streams in at the time point 6
Number of streams (in): 109
Stream out at the time point 6
Number of streams (out) 4
Streams in at the time point 7
Number of streams (in): 121
Stream out at the time point 7
Number of streams (out) 4
Streams in at the time point 8
Number of streams (in): 129
Stream out at the time point 8
Number of streams (out) 5
Streams in at the time point 9
Number of streams (in): 141
Stream out at the time point 9
Number of streams (out) 5
Streams in at the time point 10
Number of streams (in): 153
Stream out at the time point 10
Number of streams (out) 5
Streams in at the time point 11
Number of streams (in): 165
Stream out at the time point 11
Number of streams (out) 9
Streams in at the time point 12
Number of streams (in): 177
Stream out at the time point 12
Number of streams (out) 7
Streams in at the time point 13
Number of streams (in): 181
Stream out at the time point 13
Number of streams (out) 10
Streams in at the time point 14
Number of streams (in): 185
Stream out at the time point 14
Number of streams (out) 8
Streams in at the time point 15
Number of streams (in): 189
Stream out at the time point 15
Number of streams (out) 13
Streams in at the time point 16
Number of streams (in): 185
Stream out at the time point 16
Number of streams (out) 11
Streams in at the time point 17
Number of streams (in): 185
Stream out at the time point 17
Number of streams (out) 9
Streams in at the time point 18
Number of streams (in): 185
Stream out at the time point 18
Number of streams (out) 14
Streams in at the time point 19
Number of streams (in): 181
Stream out at the time point 19
Number of streams (out) 8
Streams in at the time point 20
Number of streams (in): 177
Stream out at the time point 20
Number of streams (out) 7
Streams in at the time point 21
Number of streams (in): 165
Stream out at the time point 21
Number of streams (out) 13
Streams in at the time point 22
Number of streams (in): 165
Stream out at the time point 22
Number of streams (out) 11
Streams in at the time point 23
Number of streams (in): 153
Stream out at the time point 23
Number of streams (out) 9
Streams in at the time point 24
Number of streams (in): 145
Stream out at the time point 24
Number of streams (out) 8
Streams in at the time point 25
Number of streams (in): 133
Stream out at the time point 25
Number of streams (out) 10
Streams in at the time point 26
Number of streams (in): 125
Stream out at the time point 26
Number of streams (out) 3
Streams in at the time point 27
Number of streams (in): 117
Stream out at the time point 27
Number of streams (out) 10
Streams in at the time point 28
Number of streams (in): 113
Stream out at the time point 28
Number of streams (out) 6
Streams in at the time point 29
Number of streams (in): 113
